Inventory-Mate/App/build/intermediates/manifest_merge_blame_file/debug/manifest-merger-blame-debug-report.txt
1<?xml version="1.0" encoding="utf-8"?>
2<manifest xmlns:android="http://schemas.android.com/apk/res/android"
3    package="com.example.inventory_mate"
4    android:versionCode="1"
5    android:versionName="1.0" >
6
7    <uses-sdk
8        android:minSdkVersion="24"
8-->src\main\AndroidManifest.xml
9        android:targetSdkVersion="33" />
9-->src\main\AndroidManifest.xml
10
11    <uses-permission android:name="android.permission.CAMERA" />
11-->src\main\AndroidManifest.xml:5:5-65
11-->src\main\AndroidManifest.xml:5:22-62
12    <uses-permission android:name="android.permission.WRITE_EXTERNAL_STORAGE" />
12-->src\main\AndroidManifest.xml:6:5-81
12-->src\main\AndroidManifest.xml:6:22-78
13
14    <!-- Don't require camera, as this requires a rear camera. This allows it to work on the Nexus 7 -->
15    <uses-feature
15-->[com.journeyapps:zxing-android-embedded:4.2.0] AndroidManifest.xml:25:5-27:36
16        android:name="android.hardware.camera"
16-->[com.journeyapps:zxing-android-embedded:4.2.0] AndroidManifest.xml:26:9-47
17        android:required="false" />
17-->[com.journeyapps:zxing-android-embedded:4.2.0] AndroidManifest.xml:27:9-33
18    <uses-feature
18-->[com.journeyapps:zxing-android-embedded:4.2.0] AndroidManifest.xml:28:5-30:36
19        android:name="android.hardware.camera.front"
19-->[com.journeyapps:zxing-android-embedded:4.2.0] AndroidManifest.xml:29:9-53
20        android:required="false" /> <!-- TODO replace above two with next line after Android 4.2 -->
20-->[com.journeyapps:zxing-android-embedded:4.2.0] AndroidManifest.xml:30:9-33
21    <!-- <uses-feature android:name="android.hardware.camera.any"/> -->
22    <uses-feature
22-->[com.journeyapps:zxing-android-embedded:4.2.0] AndroidManifest.xml:33:5-35:36
23        android:name="android.hardware.camera.autofocus"
23-->[com.journeyapps:zxing-android-embedded:4.2.0] AndroidManifest.xml:34:9-57
24        android:required="false" />
24-->[com.journeyapps:zxing-android-embedded:4.2.0] AndroidManifest.xml:35:9-33
25    <uses-feature
25-->[com.journeyapps:zxing-android-embedded:4.2.0] AndroidManifest.xml:36:5-38:36
26        android:name="android.hardware.camera.flash"
26-->[com.journeyapps:zxing-android-embedded:4.2.0] AndroidManifest.xml:37:9-53
27        android:required="false" />
27-->[com.journeyapps:zxing-android-embedded:4.2.0] AndroidManifest.xml:38:9-33
28    <uses-feature
28-->[com.journeyapps:zxing-android-embedded:4.2.0] AndroidManifest.xml:39:5-41:36
29        android:name="android.hardware.screen.landscape"
29-->[com.journeyapps:zxing-android-embedded:4.2.0] AndroidManifest.xml:40:9-57
30        android:required="false" />
30-->[com.journeyapps:zxing-android-embedded:4.2.0] AndroidManifest.xml:41:9-33
31    <uses-feature
31-->[com.journeyapps:zxing-android-embedded:4.2.0] AndroidManifest.xml:42:5-44:36
32        android:name="android.hardware.wifi"
32-->[com.journeyapps:zxing-android-embedded:4.2.0] AndroidManifest.xml:43:9-45
33        android:required="false" />
33-->[com.journeyapps:zxing-android-embedded:4.2.0] AndroidManifest.xml:44:9-33
34
35    <permission
35-->[androidx.core:core:1.9.0] AndroidManifest.xml:22:5-24:47
36        android:name="com.example.inventory_mate.DYNAMIC_RECEIVER_NOT_EXPORTED_PERMISSION"
36-->[androidx.core:core:1.9.0] AndroidManifest.xml:23:9-81
37        android:protectionLevel="signature" />
37-->[androidx.core:core:1.9.0] AndroidManifest.xml:24:9-44
38
39    <uses-permission android:name="com.example.inventory_mate.DYNAMIC_RECEIVER_NOT_EXPORTED_PERMISSION" />
39-->[androidx.core:core:1.9.0] AndroidManifest.xml:26:5-97
39-->[androidx.core:core:1.9.0] AndroidManifest.xml:26:22-94
40
41    <application
41-->src\main\AndroidManifest.xml:8:5-52:19
42        android:allowBackup="true"
42-->src\main\AndroidManifest.xml:9:9-35
43        android:appComponentFactory="androidx.core.app.CoreComponentFactory"
43-->[androidx.core:core:1.9.0] AndroidManifest.xml:28:18-86
44        android:dataExtractionRules="@xml/data_extraction_rules"
44-->src\main\AndroidManifest.xml:10:9-65
45        android:debuggable="true"
46        android:extractNativeLibs="false"
47        android:fullBackupContent="@xml/backup_rules"
47-->src\main\AndroidManifest.xml:11:9-54
48        android:icon="@mipmap/ic_launcher"
48-->src\main\AndroidManifest.xml:12:9-43
49        android:label="@string/app_name"
49-->src\main\AndroidManifest.xml:13:9-41
50        android:supportsRtl="true"
50-->src\main\AndroidManifest.xml:14:9-35
51        android:theme="@style/Theme.Inventory_Mate" >
51-->src\main\AndroidManifest.xml:15:9-52
52        <activity
52-->src\main\AndroidManifest.xml:17:9-19:40
53            android:name="com.example.inventory_mate.InventoryActivity"
53-->src\main\AndroidManifest.xml:18:13-46
54            android:exported="false" />
54-->src\main\AndroidManifest.xml:19:13-37
55        <activity
55-->src\main\AndroidManifest.xml:20:9-28:20
56            android:name="com.example.inventory_mate.LoginActivity"
56-->src\main\AndroidManifest.xml:21:13-42
57            android:exported="true" >
57-->src\main\AndroidManifest.xml:22:13-36
58            <intent-filter>
58-->src\main\AndroidManifest.xml:23:13-27:29
59                <action android:name="android.intent.action.MAIN" />
59-->src\main\AndroidManifest.xml:24:17-69
59-->src\main\AndroidManifest.xml:24:25-66
60
61                <category android:name="android.intent.category.LAUNCHER" />
61-->src\main\AndroidManifest.xml:26:17-77
61-->src\main\AndroidManifest.xml:26:27-74
62            </intent-filter>
63        </activity>
64        <activity
64-->src\main\AndroidManifest.xml:29:9-36:20
65            android:name="com.example.inventory_mate.HomeActivity"
65-->src\main\AndroidManifest.xml:30:13-67
66            android:exported="true" >
66-->src\main\AndroidManifest.xml:31:13-36
67            <intent-filter>
67-->src\main\AndroidManifest.xml:23:13-27:29
68                <action android:name="android.intent.action.MAIN" />
68-->src\main\AndroidManifest.xml:24:17-69
68-->src\main\AndroidManifest.xml:24:25-66
69
70                <category android:name="android.intent.category.LAUNCHER" />
70-->src\main\AndroidManifest.xml:26:17-77
70-->src\main\AndroidManifest.xml:26:27-74
71            </intent-filter>
72        </activity>
73        <activity android:name="com.example.inventory_mate.AddInventoryActivity" />
73-->src\main\AndroidManifest.xml:37:9-58
73-->src\main\AndroidManifest.xml:37:19-55
74        <activity
74-->src\main\AndroidManifest.xml:38:9-40:39
75            android:name="com.example.inventory_mate.SettingsActivity"
75-->src\main\AndroidManifest.xml:39:13-45
76            android:exported="true" />
76-->src\main\AndroidManifest.xml:40:13-36
77        <activity android:name="com.example.inventory_mate.ReportActivity" />
77-->src\main\AndroidManifest.xml:41:9-52
77-->src\main\AndroidManifest.xml:41:19-49
78
79        <provider
80            android:name="androidx.core.content.FileProvider"
80-->src\main\AndroidManifest.xml:44:13-62
81            android:authorities="com.example.inventory_mate.fileprovider"
81-->src\main\AndroidManifest.xml:45:13-64
82            android:exported="false"
82-->src\main\AndroidManifest.xml:46:13-37
83            android:grantUriPermissions="true" >
83-->src\main\AndroidManifest.xml:47:13-47
84            <meta-data
84-->src\main\AndroidManifest.xml:48:13-50:54
85                android:name="android.support.FILE_PROVIDER_PATHS"
85-->src\main\AndroidManifest.xml:49:17-67
86                android:resource="@xml/file_paths" />
86-->src\main\AndroidManifest.xml:50:17-51
87        </provider>
88
89        <activity
89-->[com.journeyapps:zxing-android-embedded:4.2.0] AndroidManifest.xml:47:9-53:63
90            android:name="com.journeyapps.barcodescanner.CaptureActivity"
90-->[com.journeyapps:zxing-android-embedded:4.2.0] AndroidManifest.xml:48:13-74
91            android:clearTaskOnLaunch="true"
91-->[com.journeyapps:zxing-android-embedded:4.2.0] AndroidManifest.xml:49:13-45
92            android:screenOrientation="sensorLandscape"
92-->[com.journeyapps:zxing-android-embedded:4.2.0] AndroidManifest.xml:50:13-56
93            android:stateNotNeeded="true"
93-->[com.journeyapps:zxing-android-embedded:4.2.0] AndroidManifest.xml:51:13-42
94            android:theme="@style/zxing_CaptureTheme"
94-->[com.journeyapps:zxing-android-embedded:4.2.0] AndroidManifest.xml:52:13-54
95            android:windowSoftInputMode="stateAlwaysHidden" />
95-->[com.journeyapps:zxing-android-embedded:4.2.0] AndroidManifest.xml:53:13-60
96
97        <provider
97-->[androidx.emoji2:emoji2:1.2.0] AndroidManifest.xml:24:9-32:20
98            android:name="androidx.startup.InitializationProvider"
98-->[androidx.emoji2:emoji2:1.2.0] AndroidManifest.xml:25:13-67
99            android:authorities="com.example.inventory_mate.androidx-startup"
99-->[androidx.emoji2:emoji2:1.2.0] AndroidManifest.xml:26:13-68
100            android:exported="false" >
100-->[androidx.emoji2:emoji2:1.2.0] AndroidManifest.xml:27:13-37
101            <meta-data
101-->[androidx.emoji2:emoji2:1.2.0] AndroidManifest.xml:29:13-31:52
102                android:name="androidx.emoji2.text.EmojiCompatInitializer"
102-->[androidx.emoji2:emoji2:1.2.0] AndroidManifest.xml:30:17-75
103                android:value="androidx.startup" />
103-->[androidx.emoji2:emoji2:1.2.0] AndroidManifest.xml:31:17-49
104            <meta-data
104-->[androidx.lifecycle:lifecycle-process:2.4.1] AndroidManifest.xml:31:13-33:52
105                android:name="androidx.lifecycle.ProcessLifecycleInitializer"
105-->[androidx.lifecycle:lifecycle-process:2.4.1] AndroidManifest.xml:32:17-78
106                android:value="androidx.startup" />
106-->[androidx.lifecycle:lifecycle-process:2.4.1] AndroidManifest.xml:33:17-49
107        </provider>
108
109        <uses-library
109-->[androidx.window:window:1.0.0] AndroidManifest.xml:25:9-27:40
110            android:name="androidx.window.extensions"
110-->[androidx.window:window:1.0.0] AndroidManifest.xml:26:13-54
111            android:required="false" />
111-->[androidx.window:window:1.0.0] AndroidManifest.xml:27:13-37
112        <uses-library
112-->[androidx.window:window:1.0.0] AndroidManifest.xml:28:9-30:40
113            android:name="androidx.window.sidecar"
113-->[androidx.window:window:1.0.0] AndroidManifest.xml:29:13-51
114            android:required="false" />
114-->[androidx.window:window:1.0.0] AndroidManifest.xml:30:13-37
115    </application>
116
117</manifest>